2018-05-01 06:29:03 +0000  Initial pipeline context: <IDEDistributionProcessingPipelineContext: 0x7ffc2516f760; archive(resolved)='<IDEArchive: 0x7ffc2538b5d0>', distributionTask(resolved)='2', distributionMethod(resolved)='<IDEDistributionMethodDevelopmentSigned: 0x7ffc24778540>', team(resolved)='<IDEProvisioningBasicTeam 0x7ffc26413b80: teamID: 9U7Y45UZ8Q, teamName: INCTURE TECHNOLOGIES PRIVATE LIMITED>'>
	Chain (11, self inclusive):
	<IDEDistributionProcessingPipelineContext: 0x7ffc2516f760; archive = '<IDEArchive: 0x7ffc2538b5d0>', distributionMethod='<IDEDistributionMethodDevelopmentSigned: 0x7ffc24778540>', team='<IDEProvisioningBasicTeam 0x7ffc26413b80: teamID: 9U7Y45UZ8Q, teamName: INCTURE TECHNOLOGIES PRIVATE LIMITED>'>
	<IDEDistributionProcessingPipelineContext: 0x7ffc264d9da0; archive = '<IDEArchive: 0x7ffc2538b5d0>', distributionMethod='<IDEDistributionMethodDevelopmentSigned: 0x7ffc24778540>', team='<IDEProvisioningBasicTeam 0x7ffc26413b80: teamID: 9U7Y45UZ8Q, teamName: INCTURE TECHNOLOGIES PRIVATE LIMITED>'>
	<IDEDistributionContext: 0x7ffc265bd060; archive = '<IDEArchive: 0x7ffc2538b5d0>', distributionMethod='<IDEDistributionMethodDevelopmentSigned: 0x7ffc24778540>', team='<IDEProvisioningBasicTeam 0x7ffc26413b80: teamID: 9U7Y45UZ8Q, teamName: INCTURE TECHNOLOGIES PRIVATE LIMITED>'>
	<IDEDistributionContext: 0x7ffc2659c930; archive = '<IDEArchive: 0x7ffc2538b5d0>', distributionMethod='<IDEDistributionMethodDevelopmentSigned: 0x7ffc24778540>', team='<IDEProvisioningBasicTeam 0x7ffc26413b80: teamID: 9U7Y45UZ8Q, teamName: INCTURE TECHNOLOGIES PRIVATE LIMITED>'>
	<IDEDistributionContext: 0x7ffc25485c30; archive = '<IDEArchive: 0x7ffc2538b5d0>', distributionMethod='<IDEDistributionMethodDevelopmentSigned: 0x7ffc24778540>', team='<IDEProvisioningBasicTeam 0x7ffc26413b80: teamID: 9U7Y45UZ8Q, teamName: INCTURE TECHNOLOGIES PRIVATE LIMITED>'>
	<IDEDistributionContext: 0x7ffc257d08e0; archive = '<IDEArchive: 0x7ffc2538b5d0>', distributionMethod='<IDEDistributionMethodDevelopmentSigned: 0x7ffc24778540>', team='<IDEProvisioningBasicTeam 0x7ffc26413b80: teamID: 9U7Y45UZ8Q, teamName: INCTURE TECHNOLOGIES PRIVATE LIMITED>'>
	<IDEDistributionContext: 0x7ffc245770e0; archive = '<IDEArchive: 0x7ffc2538b5d0>', distributionMethod='<IDEDistributionMethodDevelopmentSigned: 0x7ffc24778540>', team='<IDEProvisioningBasicTeam 0x7ffc26413b80: teamID: 9U7Y45UZ8Q, teamName: INCTURE TECHNOLOGIES PRIVATE LIMITED>'>
	<IDEDistributionContext: 0x7ffc257b1590; archive = '<IDEArchive: 0x7ffc2538b5d0>', distributionMethod='<IDEDistributionMethodDevelopmentSigned: 0x7ffc24778540>', team='<IDEProvisioningBasicTeam 0x7ffc26413b80: teamID: 9U7Y45UZ8Q, teamName: INCTURE TECHNOLOGIES PRIVATE LIMITED>'>
	<IDEDistributionContext: 0x7ffc3b123c40; archive = '<IDEArchive: 0x7ffc2538b5d0>', distributionMethod='<IDEDistributionMethodDevelopmentSigned: 0x7ffc24778540>', team='<IDEProvisioningBasicTeam 0x7ffc26413b80: teamID: 9U7Y45UZ8Q, teamName: INCTURE TECHNOLOGIES PRIVATE LIMITED>'>
	<IDEDistributionContext: 0x7ffc3c00a080; archive = '<IDEArchive: 0x7ffc2538b5d0>', distributionMethod='<IDEDistributionMethodDevelopmentSigned: 0x7ffc24778540>', team='(null)'>
	<IDEDistributionContext: 0x7ffc24513bb0; archive = '<IDEArchive: 0x7ffc2538b5d0>', distributionMethod='(null)', team='(null)'>
</IDEDistributionProcessingPipelineContext: 0x7ffc2516f760>
2018-05-01 06:29:03 +0000  Processing step: IDEDistributionCreateDestRootStep
2018-05-01 06:29:03 +0000  Processing step: IDEDistributionCopyItemStep
2018-05-01 06:29:03 +0000  Running /usr/bin/ditto '-V' '/Users/Mohan/Library/Developer/Xcode/Archives/2018-05-01/shoppingList 01-05-18, 11.57 AM.xcarchive/Products/Applications/shoppingList.app' '/var/folders/75/4b80cfbd5cx51m7f6p1nc74w0000gp/T/XcodeDistPipeline.D7t/Root/Payload/shoppingList.app'
2018-05-01 06:29:03 +0000  >>> Copying /Users/Mohan/Library/Developer/Xcode/Archives/2018-05-01/shoppingList 01-05-18, 11.57 AM.xcarchive/Products/Applications/shoppingList.app 
2018-05-01 06:29:03 +0000  copying file ./_CodeSignature/CodeResources ... 
2018-05-01 06:29:03 +0000  15545 bytes for ./_CodeSignature/CodeResources
2018-05-01 06:29:03 +0000  copying file ./listItemTableViewCell.nib ... 
2018-05-01 06:29:03 +0000  3416 bytes for ./listItemTableViewCell.nib
2018-05-01 06:29:03 +0000  copying file ./AppIcon60x60@2x.png ... 
2018-05-01 06:29:03 +0000  1372 bytes for ./AppIcon60x60@2x.png
2018-05-01 06:29:03 +0000  copying file ./shoppingList.momd/VersionInfo.plist ... 
2018-05-01 06:29:03 +0000  213 bytes for ./shoppingList.momd/VersionInfo.plist
2018-05-01 06:29:03 +0000  copying file ./shoppingList.momd/shoppingList.omo ... 
2018-05-01 06:29:03 +0000  2480 bytes for ./shoppingList.momd/shoppingList.omo
2018-05-01 06:29:03 +0000  copying file ./shoppingList.momd/shoppingList.mom ... 
2018-05-01 06:29:03 +0000  1471 bytes for ./shoppingList.momd/shoppingList.mom
2018-05-01 06:29:03 +0000  copying file ./Base.lproj/Main.storyboardc/UINavigationController-uau-Ec-k5n.nib ... 
2018-05-01 06:29:03 +0000  2187 bytes for ./Base.lproj/Main.storyboardc/UINavigationController-uau-Ec-k5n.nib
2018-05-01 06:29:03 +0000  copying file ./Base.lproj/Main.storyboardc/BYZ-38-t0r-view-8bC-Xf-vdC.nib ... 
2018-05-01 06:29:03 +0000  3978 bytes for ./Base.lproj/Main.storyboardc/BYZ-38-t0r-view-8bC-Xf-vdC.nib
2018-05-01 06:29:03 +0000  copying file ./Base.lproj/Main.storyboardc/Info.plist ... 
2018-05-01 06:29:03 +0000  276 bytes for ./Base.lproj/Main.storyboardc/Info.plist
2018-05-01 06:29:03 +0000  copying file ./Base.lproj/LaunchScreen.storyboardc/01J-lp-oVM-view-Ze5-6b-2t3.nib ... 
2018-05-01 06:29:03 +0000  1136 bytes for ./Base.lproj/LaunchScreen.storyboardc/01J-lp-oVM-view-Ze5-6b-2t3.nib
2018-05-01 06:29:03 +0000  copying file ./Base.lproj/LaunchScreen.storyboardc/UIViewController-01J-lp-oVM.nib ... 
2018-05-01 06:29:03 +0000  832 bytes for ./Base.lproj/LaunchScreen.storyboardc/UIViewController-01J-lp-oVM.nib
2018-05-01 06:29:03 +0000  copying file ./Base.lproj/LaunchScreen.storyboardc/Info.plist ... 
2018-05-01 06:29:03 +0000  258 bytes for ./Base.lproj/LaunchScreen.storyboardc/Info.plist
2018-05-01 06:29:03 +0000  copying file ./archived-expanded-entitlements.xcent ... 
2018-05-01 06:29:03 +0000  382 bytes for ./archived-expanded-entitlements.xcent
2018-05-01 06:29:03 +0000  copying file ./Assets.car ... 
2018-05-01 06:29:03 +0000  420392 bytes for ./Assets.car
2018-05-01 06:29:03 +0000  copying file ./shoppingList ... 
2018-05-01 06:29:03 +0000  4801040 bytes for ./shoppingList
2018-05-01 06:29:03 +0000  copying file ./Frameworks/CoreDataManager.framework/_CodeSignature/CodeResources ... 
2202 bytes for ./Frameworks/CoreDataManager.framework/_CodeSignature/CodeResources
2018-05-01 06:29:03 +0000  copying file ./Frameworks/CoreDataManager.framework/CoreDataManager ... 
2018-05-01 06:29:03 +0000  866272 bytes for ./Frameworks/CoreDataManager.framework/CoreDataManager
2018-05-01 06:29:03 +0000  copying file ./Frameworks/CoreDataManager.framework/Info.plist ... 
2018-05-01 06:29:03 +0000  751 bytes for ./Frameworks/CoreDataManager.framework/Info.plist
2018-05-01 06:29:03 +0000  copying file ./Frameworks/SwiftyJSON.framework/_CodeSignature/CodeResources ... 
2018-05-01 06:29:03 +0000  2202 bytes for ./Frameworks/SwiftyJSON.framework/_CodeSignature/CodeResources
2018-05-01 06:29:03 +0000  copying file ./Frameworks/SwiftyJSON.framework/SwiftyJSON ... 
1244896 bytes for ./Frameworks/SwiftyJSON.framework/SwiftyJSON
copying file ./Frameworks/SwiftyJSON.framework/Info.plist ... 
739 bytes for ./Frameworks/SwiftyJSON.framework/Info.plist
copying file ./Frameworks/libswiftCoreImage.dylib ... 
258272 bytes for ./Frameworks/libswiftCoreImage.dylib
copying file ./Frameworks/libswiftObjectiveC.dylib ... 
505792 bytes for ./Frameworks/libswiftObjectiveC.dylib
copying file ./Frameworks/libswiftCore.dylib ... 
2018-05-01 06:29:03 +0000  68838944 bytes for ./Frameworks/libswiftCore.dylib
copying file ./Frameworks/libswiftCoreGraphics.dylib ... 
2018-05-01 06:29:03 +0000  1268848 bytes for ./Frameworks/libswiftCoreGraphics.dylib
copying file ./Frameworks/libswiftUIKit.dylib ... 
789184 bytes for ./Frameworks/libswiftUIKit.dylib
copying file ./Frameworks/libswiftMetal.dylib ... 
399376 bytes for ./Frameworks/libswiftMetal.dylib
copying file ./Frameworks/libswiftCoreData.dylib ... 
690560 bytes for ./Frameworks/libswiftCoreData.dylib
copying file ./Frameworks/libswiftDispatch.dylib ... 
2440736 bytes for ./Frameworks/libswiftDispatch.dylib
copying file ./Frameworks/libswiftos.dylib ... 
2018-05-01 06:29:03 +0000  446400 bytes for ./Frameworks/libswiftos.dylib
copying file ./Frameworks/libswiftCoreFoundation.dylib ... 
257696 bytes for ./Frameworks/libswiftCoreFoundation.dylib
copying file ./Frameworks/libswiftDarwin.dylib ... 
599280 bytes for ./Frameworks/libswiftDarwin.dylib
copying file ./Frameworks/GoogleToolboxForMac.framework/_CodeSignature/CodeResources ... 
2018-05-01 06:29:03 +0000  2202 bytes for ./Frameworks/GoogleToolboxForMac.framework/_CodeSignature/CodeResources
2018-05-01 06:29:03 +0000  copying file ./Frameworks/GoogleToolboxForMac.framework/GoogleToolboxForMac ... 
2018-05-01 06:29:03 +0000  185312 bytes for ./Frameworks/GoogleToolboxForMac.framework/GoogleToolboxForMac
2018-05-01 06:29:03 +0000  copying file ./Frameworks/GoogleToolboxForMac.framework/Info.plist ... 
2018-05-01 06:29:03 +0000  759 bytes for ./Frameworks/GoogleToolboxForMac.framework/Info.plist
2018-05-01 06:29:03 +0000  copying file ./Frameworks/nanopb.framework/_CodeSignature/CodeResources ... 
2018-05-01 06:29:03 +0000  2202 bytes for ./Frameworks/nanopb.framework/_CodeSignature/CodeResources
2018-05-01 06:29:03 +0000  copying file ./Frameworks/nanopb.framework/nanopb ... 
217008 bytes for ./Frameworks/nanopb.framework/nanopb
copying file ./Frameworks/nanopb.framework/Info.plist ... 
731 bytes for ./Frameworks/nanopb.framework/Info.plist
copying file ./Frameworks/libswiftQuartzCore.dylib ... 
2018-05-01 06:29:03 +0000  310976 bytes for ./Frameworks/libswiftQuartzCore.dylib
2018-05-01 06:29:03 +0000  copying file ./Frameworks/libswiftFoundation.dylib ... 
2018-05-01 06:29:03 +0000  27922976 bytes for ./Frameworks/libswiftFoundation.dylib
2018-05-01 06:29:03 +0000  copying file ./embedded.mobileprovision ... 
2018-05-01 06:29:03 +0000  25712 bytes for ./embedded.mobileprovision
copying file ./Info.plist ... 
2018-05-01 06:29:03 +0000  1271 bytes for ./Info.plist
copying file ./PkgInfo ... 
2018-05-01 06:29:03 +0000  8 bytes for ./PkgInfo
2018-05-01 06:29:03 +0000  2018-05-01 06:29:03 +0000  /usr/bin/ditto exited with 0

2018-05-01 06:29:03 +0000  
2018-05-01 06:29:03 +0000  Processing step: IDEDistributionEmbedProfileStep
2018-05-01 06:29:03 +0000  Skipping profile for item: <IDEDistributionItem: 0x7ffc26208ea0 'org.cocoapods.CoreDataManager' '<DVTFilePath:0x7ffc2516a9a0:'/Users/Mohan/Library/Developer/Xcode/Archives/2018-05-01/shoppingList 01-05-18, 11.57 AM.xcarchive/Products/Applications/shoppingList.app/Frameworks/CoreDataManager.framework'>'>
2018-05-01 06:29:03 +0000  Skipping profile for item: <IDEDistributionItem: 0x7ffc264096b0 'org.cocoapods.GoogleToolboxForMac' '<DVTFilePath:0x7ffc257b12d0:'/Users/Mohan/Library/Developer/Xcode/Archives/2018-05-01/shoppingList 01-05-18, 11.57 AM.xcarchive/Products/Applications/shoppingList.app/Frameworks/GoogleToolboxForMac.framework'>'>
2018-05-01 06:29:03 +0000  Skipping profile for item: <IDEDistributionItem: 0x7ffc41f2b000 'org.cocoapods.SwiftyJSON' '<DVTFilePath:0x7ffc41f5c570:'/Users/Mohan/Library/Developer/Xcode/Archives/2018-05-01/shoppingList 01-05-18, 11.57 AM.xcarchive/Products/Applications/shoppingList.app/Frameworks/SwiftyJSON.framework'>'>
2018-05-01 06:29:03 +0000  Skipping profile for item: <IDEDistributionItem: 0x7ffc2640be80 'com.apple.dt.runtime.swiftCore' '<DVTFilePath:0x7ffc41f61710:'/Users/Mohan/Library/Developer/Xcode/Archives/2018-05-01/shoppingList 01-05-18, 11.57 AM.xcarchive/Products/Applications/shoppingList.app/Frameworks/libswiftCore.dylib'>'>
2018-05-01 06:29:03 +0000  Skipping profile for item: <IDEDistributionItem: 0x7ffc257e3560 'com.apple.dt.runtime.swiftCoreData' '<DVTFilePath:0x7ffc39e63ce0:'/Users/Mohan/Library/Developer/Xcode/Archives/2018-05-01/shoppingList 01-05-18, 11.57 AM.xcarchive/Products/Applications/shoppingList.app/Frameworks/libswiftCoreData.dylib'>'>
2018-05-01 06:29:03 +0000  Skipping profile for item: <IDEDistributionItem: 0x7ffc264027b0 'com.apple.dt.runtime.swiftCoreFoundation' '<DVTFilePath:0x7ffc257863b0:'/Users/Mohan/Library/Developer/Xcode/Archives/2018-05-01/shoppingList 01-05-18, 11.57 AM.xcarchive/Products/Applications/shoppingList.app/Frameworks/libswiftCoreFoundation.dylib'>'>
2018-05-01 06:29:03 +0000  Skipping profile for item: <IDEDistributionItem: 0x7ffc26286610 'com.apple.dt.runtime.swiftCoreGraphics' '<DVTFilePath:0x7ffc41f61f70:'/Users/Mohan/Library/Developer/Xcode/Archives/2018-05-01/shoppingList 01-05-18, 11.57 AM.xcarchive/Products/Applications/shoppingList.app/Frameworks/libswiftCoreGraphics.dylib'>'>
2018-05-01 06:29:03 +0000  Skipping profile for item: <IDEDistributionItem: 0x7ffc2640e3e0 'com.apple.dt.runtime.swiftCoreImage' '<DVTFilePath:0x7ffc41f636a0:'/Users/Mohan/Library/Developer/Xcode/Archives/2018-05-01/shoppingList 01-05-18, 11.57 AM.xcarchive/Products/Applications/shoppingList.app/Frameworks/libswiftCoreImage.dylib'>'>
2018-05-01 06:29:03 +0000  Skipping profile for item: <IDEDistributionItem: 0x7ffc26254730 'com.apple.dt.runtime.swiftDarwin' '<DVTFilePath:0x7ffc257bbef0:'/Users/Mohan/Library/Developer/Xcode/Archives/2018-05-01/shoppingList 01-05-18, 11.57 AM.xcarchive/Products/Applications/shoppingList.app/Frameworks/libswiftDarwin.dylib'>'>
2018-05-01 06:29:03 +0000  Skipping profile for item: <IDEDistributionItem: 0x7ffc264110d0 'com.apple.dt.runtime.swiftDispatch' '<DVTFilePath:0x7ffc246eec80:'/Users/Mohan/Library/Developer/Xcode/Archives/2018-05-01/shoppingList 01-05-18, 11.57 AM.xcarchive/Products/Applications/shoppingList.app/Frameworks/libswiftDispatch.dylib'>'>
2018-05-01 06:29:03 +0000  Skipping profile for item: <IDEDistributionItem: 0x7ffc26200980 'com.apple.dt.runtime.swiftFoundation' '<DVTFilePath:0x7ffc257d4130:'/Users/Mohan/Library/Developer/Xcode/Archives/2018-05-01/shoppingList 01-05-18, 11.57 AM.xcarchive/Products/Applications/shoppingList.app/Frameworks/libswiftFoundation.dylib'>'>
2018-05-01 06:29:03 +0000  Skipping profile for item: <IDEDistributionItem: 0x7ffc26409500 'com.apple.dt.runtime.swiftMetal' '<DVTFilePath:0x7ffc41f2a160:'/Users/Mohan/Library/Developer/Xcode/Archives/2018-05-01/shoppingList 01-05-18, 11.57 AM.xcarchive/Products/Applications/shoppingList.app/Frameworks/libswiftMetal.dylib'>'>
2018-05-01 06:29:03 +0000  Skipping profile for item: <IDEDistributionItem: 0x7ffc2640a9d0 'com.apple.dt.runtime.swiftObjectiveC' '<DVTFilePath:0x7ffc25762050:'/Users/Mohan/Library/Developer/Xcode/Archives/2018-05-01/shoppingList 01-05-18, 11.57 AM.xcarchive/Products/Applications/shoppingList.app/Frameworks/libswiftObjectiveC.dylib'>'>
2018-05-01 06:29:03 +0000  Skipping profile for item: <IDEDistributionItem: 0x7ffc26255dd0 'com.apple.dt.runtime.swiftQuartzCore' '<DVTFilePath:0x7ffc256bed90:'/Users/Mohan/Library/Developer/Xcode/Archives/2018-05-01/shoppingList 01-05-18, 11.57 AM.xcarchive/Products/Applications/shoppingList.app/Frameworks/libswiftQuartzCore.dylib'>'>
2018-05-01 06:29:03 +0000  Skipping profile for item: <IDEDistributionItem: 0x7ffc26209160 'com.apple.dt.runtime.swiftUIKit' '<DVTFilePath:0x7ffc41f2b2a0:'/Users/Mohan/Library/Developer/Xcode/Archives/2018-05-01/shoppingList 01-05-18, 11.57 AM.xcarchive/Products/Applications/shoppingList.app/Frameworks/libswiftUIKit.dylib'>'>
2018-05-01 06:29:03 +0000  Skipping profile for item: <IDEDistributionItem: 0x7ffc26400f80 'com.apple.dt.runtime.swiftos' '<DVTFilePath:0x7ffc41ec1730:'/Users/Mohan/Library/Developer/Xcode/Archives/2018-05-01/shoppingList 01-05-18, 11.57 AM.xcarchive/Products/Applications/shoppingList.app/Frameworks/libswiftos.dylib'>'>
2018-05-01 06:29:03 +0000  Skipping profile for item: <IDEDistributionItem: 0x7ffc257a8300 'org.cocoapods.nanopb' '<DVTFilePath:0x7ffc257c79b0:'/Users/Mohan/Library/Developer/Xcode/Archives/2018-05-01/shoppingList 01-05-18, 11.57 AM.xcarchive/Products/Applications/shoppingList.app/Frameworks/nanopb.framework'>'>
2018-05-01 06:29:03 +0000  Processing step: IDEDistributionAppThinningPlistStep
2018-05-01 06:29:03 +0000  Skipping step: IDEDistributionAppThinningPlistStep because it said so
2018-05-01 06:29:03 +0000  Processing step: IDEDistributionCompileBitcodeStep
2018-05-01 06:29:03 +0000  Skipping step: IDEDistributionCompileBitcodeStep because it said so
2018-05-01 06:29:03 +0000  Processing step: IDEDistributionCodeSlimmingStep
2018-05-01 06:29:03 +0000  Processing step: IDEDistributionCopyBCSymbolMapsStep
2018-05-01 06:29:03 +0000  Skipping step: IDEDistributionCopyBCSymbolMapsStep because it said so
2018-05-01 06:29:03 +0000  Skipping step: IDEDistributionCopyBCSymbolMapsStep because it said so
2018-05-01 06:29:03 +0000  Skipping step: IDEDistributionCopyBCSymbolMapsStep because it said so
2018-05-01 06:29:03 +0000  Skipping step: IDEDistributionCopyBCSymbolMapsStep because it said so
2018-05-01 06:29:03 +0000  Skipping step: IDEDistributionCopyBCSymbolMapsStep because it said so
2018-05-01 06:29:03 +0000  Skipping step: IDEDistributionCopyBCSymbolMapsStep because it said so
2018-05-01 06:29:03 +0000  Skipping step: IDEDistributionCopyBCSymbolMapsStep because it said so
2018-05-01 06:29:03 +0000  Skipping step: IDEDistributionCopyBCSymbolMapsStep because it said so
2018-05-01 06:29:03 +0000  Skipping step: IDEDistributionCopyBCSymbolMapsStep because it said so
2018-05-01 06:29:03 +0000  Skipping step: IDEDistributionCopyBCSymbolMapsStep because it said so
2018-05-01 06:29:03 +0000  Skipping step: IDEDistributionCopyBCSymbolMapsStep because it said so
2018-05-01 06:29:03 +0000  Skipping step: IDEDistributionCopyBCSymbolMapsStep because it said so
2018-05-01 06:29:03 +0000  Skipping step: IDEDistributionCopyBCSymbolMapsStep because it said so
2018-05-01 06:29:03 +0000  Skipping step: IDEDistributionCopyBCSymbolMapsStep because it said so
2018-05-01 06:29:03 +0000  Skipping step: IDEDistributionCopyBCSymbolMapsStep because it said so
2018-05-01 06:29:03 +0000  Skipping step: IDEDistributionCopyBCSymbolMapsStep because it said so
2018-05-01 06:29:03 +0000  Skipping step: IDEDistributionCopyBCSymbolMapsStep because it said so
2018-05-01 06:29:03 +0000  Skipping step: IDEDistributionCopyBCSymbolMapsStep because it said so
2018-05-01 06:29:03 +0000  Processing step: IDEDistributionSymbolsStep
2018-05-01 06:29:03 +0000  Skipping step: IDEDistributionSymbolsStep because it said so
2018-05-01 06:29:03 +0000  Skipping step: IDEDistributionSymbolsStep because it said so
2018-05-01 06:29:03 +0000  Skipping step: IDEDistributionSymbolsStep because it said so
2018-05-01 06:29:03 +0000  Skipping step: IDEDistributionSymbolsStep because it said so
2018-05-01 06:29:03 +0000  Skipping step: IDEDistributionSymbolsStep because it said so
2018-05-01 06:29:03 +0000  Skipping step: IDEDistributionSymbolsStep because it said so
2018-05-01 06:29:03 +0000  Skipping step: IDEDistributionSymbolsStep because it said so
2018-05-01 06:29:03 +0000  Skipping step: IDEDistributionSymbolsStep because it said so
2018-05-01 06:29:03 +0000  Skipping step: IDEDistributionSymbolsStep because it said so
2018-05-01 06:29:03 +0000  Skipping step: IDEDistributionSymbolsStep because it said so
2018-05-01 06:29:03 +0000  Skipping step: IDEDistributionSymbolsStep because it said so
2018-05-01 06:29:03 +0000  Skipping step: IDEDistributionSymbolsStep because it said so
2018-05-01 06:29:03 +0000  Skipping step: IDEDistributionSymbolsStep because it said so
2018-05-01 06:29:03 +0000  Skipping step: IDEDistributionSymbolsStep because it said so
2018-05-01 06:29:03 +0000  Skipping step: IDEDistributionSymbolsStep because it said so
2018-05-01 06:29:03 +0000  Skipping step: IDEDistributionSymbolsStep because it said so
2018-05-01 06:29:03 +0000  Skipping step: IDEDistributionSymbolsStep because it said so
2018-05-01 06:29:03 +0000  Skipping step: IDEDistributionSymbolsStep because it said so
2018-05-01 06:29:03 +0000  Processing step: IDEDistributionAppThinningStep
2018-05-01 06:29:03 +0000  Skipping step: IDEDistributionAppThinningStep because it said so
2018-05-01 06:29:03 +0000  Processing step: IDEDistributionODRStep
2018-05-01 06:29:03 +0000  Processing step: IDEDistributionStripXattrsStep
2018-05-01 06:29:03 +0000  Skipping stripping extended attributes of item: <IDEDistributionItem: 0x7ffc26208ea0 'org.cocoapods.CoreDataManager' '<DVTFilePath:0x7ffc2516a9a0:'/Users/Mohan/Library/Developer/Xcode/Archives/2018-05-01/shoppingList 01-05-18, 11.57 AM.xcarchive/Products/Applications/shoppingList.app/Frameworks/CoreDataManager.framework'>'>
2018-05-01 06:29:03 +0000  Skipping stripping extended attributes of item: <IDEDistributionItem: 0x7ffc264096b0 'org.cocoapods.GoogleToolboxForMac' '<DVTFilePath:0x7ffc257b12d0:'/Users/Mohan/Library/Developer/Xcode/Archives/2018-05-01/shoppingList 01-05-18, 11.57 AM.xcarchive/Products/Applications/shoppingList.app/Frameworks/GoogleToolboxForMac.framework'>'>
2018-05-01 06:29:03 +0000  Skipping stripping extended attributes of item: <IDEDistributionItem: 0x7ffc41f2b000 'org.cocoapods.SwiftyJSON' '<DVTFilePath:0x7ffc41f5c570:'/Users/Mohan/Library/Developer/Xcode/Archives/2018-05-01/shoppingList 01-05-18, 11.57 AM.xcarchive/Products/Applications/shoppingList.app/Frameworks/SwiftyJSON.framework'>'>
2018-05-01 06:29:03 +0000  Skipping stripping extended attributes of item: <IDEDistributionItem: 0x7ffc2640be80 'com.apple.dt.runtime.swiftCore' '<DVTFilePath:0x7ffc41f61710:'/Users/Mohan/Library/Developer/Xcode/Archives/2018-05-01/shoppingList 01-05-18, 11.57 AM.xcarchive/Products/Applications/shoppingList.app/Frameworks/libswiftCore.dylib'>'>
2018-05-01 06:29:03 +0000  Skipping stripping extended attributes of item: <IDEDistributionItem: 0x7ffc257e3560 'com.apple.dt.runtime.swiftCoreData' '<DVTFilePath:0x7ffc39e63ce0:'/Users/Mohan/Library/Developer/Xcode/Archives/2018-05-01/shoppingList 01-05-18, 11.57 AM.xcarchive/Products/Applications/shoppingList.app/Frameworks/libswiftCoreData.dylib'>'>
2018-05-01 06:29:03 +0000  Skipping stripping extended attributes of item: <IDEDistributionItem: 0x7ffc264027b0 'com.apple.dt.runtime.swiftCoreFoundation' '<DVTFilePath:0x7ffc257863b0:'/Users/Mohan/Library/Developer/Xcode/Archives/2018-05-01/shoppingList 01-05-18, 11.57 AM.xcarchive/Products/Applications/shoppingList.app/Frameworks/libswiftCoreFoundation.dylib'>'>
2018-05-01 06:29:03 +0000  Skipping stripping extended attributes of item: <IDEDistributionItem: 0x7ffc26286610 'com.apple.dt.runtime.swiftCoreGraphics' '<DVTFilePath:0x7ffc41f61f70:'/Users/Mohan/Library/Developer/Xcode/Archives/2018-05-01/shoppingList 01-05-18, 11.57 AM.xcarchive/Products/Applications/shoppingList.app/Frameworks/libswiftCoreGraphics.dylib'>'>
2018-05-01 06:29:03 +0000  Skipping stripping extended attributes of item: <IDEDistributionItem: 0x7ffc2640e3e0 'com.apple.dt.runtime.swiftCoreImage' '<DVTFilePath:0x7ffc41f636a0:'/Users/Mohan/Library/Developer/Xcode/Archives/2018-05-01/shoppingList 01-05-18, 11.57 AM.xcarchive/Products/Applications/shoppingList.app/Frameworks/libswiftCoreImage.dylib'>'>
2018-05-01 06:29:03 +0000  Skipping stripping extended attributes of item: <IDEDistributionItem: 0x7ffc26254730 'com.apple.dt.runtime.swiftDarwin' '<DVTFilePath:0x7ffc257bbef0:'/Users/Mohan/Library/Developer/Xcode/Archives/2018-05-01/shoppingList 01-05-18, 11.57 AM.xcarchive/Products/Applications/shoppingList.app/Frameworks/libswiftDarwin.dylib'>'>
2018-05-01 06:29:03 +0000  Skipping stripping extended attributes of item: <IDEDistributionItem: 0x7ffc264110d0 'com.apple.dt.runtime.swiftDispatch' '<DVTFilePath:0x7ffc246eec80:'/Users/Mohan/Library/Developer/Xcode/Archives/2018-05-01/shoppingList 01-05-18, 11.57 AM.xcarchive/Products/Applications/shoppingList.app/Frameworks/libswiftDispatch.dylib'>'>
2018-05-01 06:29:03 +0000  Skipping stripping extended attributes of item: <IDEDistributionItem: 0x7ffc26200980 'com.apple.dt.runtime.swiftFoundation' '<DVTFilePath:0x7ffc257d4130:'/Users/Mohan/Library/Developer/Xcode/Archives/2018-05-01/shoppingList 01-05-18, 11.57 AM.xcarchive/Products/Applications/shoppingList.app/Frameworks/libswiftFoundation.dylib'>'>
2018-05-01 06:29:03 +0000  Skipping stripping extended attributes of item: <IDEDistributionItem: 0x7ffc26409500 'com.apple.dt.runtime.swiftMetal' '<DVTFilePath:0x7ffc41f2a160:'/Users/Mohan/Library/Developer/Xcode/Archives/2018-05-01/shoppingList 01-05-18, 11.57 AM.xcarchive/Products/Applications/shoppingList.app/Frameworks/libswiftMetal.dylib'>'>
2018-05-01 06:29:03 +0000  Skipping stripping extended attributes of item: <IDEDistributionItem: 0x7ffc2640a9d0 'com.apple.dt.runtime.swiftObjectiveC' '<DVTFilePath:0x7ffc25762050:'/Users/Mohan/Library/Developer/Xcode/Archives/2018-05-01/shoppingList 01-05-18, 11.57 AM.xcarchive/Products/Applications/shoppingList.app/Frameworks/libswiftObjectiveC.dylib'>'>
2018-05-01 06:29:03 +0000  Skipping stripping extended attributes of item: <IDEDistributionItem: 0x7ffc26255dd0 'com.apple.dt.runtime.swiftQuartzCore' '<DVTFilePath:0x7ffc256bed90:'/Users/Mohan/Library/Developer/Xcode/Archives/2018-05-01/shoppingList 01-05-18, 11.57 AM.xcarchive/Products/Applications/shoppingList.app/Frameworks/libswiftQuartzCore.dylib'>'>
2018-05-01 06:29:03 +0000  Skipping stripping extended attributes of item: <IDEDistributionItem: 0x7ffc26209160 'com.apple.dt.runtime.swiftUIKit' '<DVTFilePath:0x7ffc41f2b2a0:'/Users/Mohan/Library/Developer/Xcode/Archives/2018-05-01/shoppingList 01-05-18, 11.57 AM.xcarchive/Products/Applications/shoppingList.app/Frameworks/libswiftUIKit.dylib'>'>
2018-05-01 06:29:03 +0000  Skipping stripping extended attributes of item: <IDEDistributionItem: 0x7ffc26400f80 'com.apple.dt.runtime.swiftos' '<DVTFilePath:0x7ffc41ec1730:'/Users/Mohan/Library/Developer/Xcode/Archives/2018-05-01/shoppingList 01-05-18, 11.57 AM.xcarchive/Products/Applications/shoppingList.app/Frameworks/libswiftos.dylib'>'>
2018-05-01 06:29:03 +0000  Skipping stripping extended attributes of item: <IDEDistributionItem: 0x7ffc257a8300 'org.cocoapods.nanopb' '<DVTFilePath:0x7ffc257c79b0:'/Users/Mohan/Library/Developer/Xcode/Archives/2018-05-01/shoppingList 01-05-18, 11.57 AM.xcarchive/Products/Applications/shoppingList.app/Frameworks/nanopb.framework'>'>
2018-05-01 06:29:03 +0000  Running /usr/bin/xattr '-crs' '/var/folders/75/4b80cfbd5cx51m7f6p1nc74w0000gp/T/XcodeDistPipeline.D7t/Root/Payload/shoppingList.app'
2018-05-01 06:29:04 +0000  
2018-05-01 06:29:04 +0000  2018-05-01 06:29:04 +0000  /usr/bin/xattr exited with 0

2018-05-01 06:29:04 +0000  
2018-05-01 06:29:04 +0000  Processing step: IDEDistributionCodesignStep
2018-05-01 06:29:04 +0000  Applying entitlements delta for <IDEDistributionItem: 0x7ffc26208ea0 'org.cocoapods.CoreDataManager' '<DVTFilePath:0x7ffc2516a9a0:'/Users/Mohan/Library/Developer/Xcode/Archives/2018-05-01/shoppingList 01-05-18, 11.57 AM.xcarchive/Products/Applications/shoppingList.app/Frameworks/CoreDataManager.framework'>'> from <IDEiCloudEntitlementsProcessor: 0x7ffc25773050>: {
}
2018-05-01 06:29:04 +0000  Entitlements for <IDEDistributionItem: 0x7ffc26208ea0 'org.cocoapods.CoreDataManager' '<DVTFilePath:0x7ffc2516a9a0:'/Users/Mohan/Library/Developer/Xcode/Archives/2018-05-01/shoppingList 01-05-18, 11.57 AM.xcarchive/Products/Applications/shoppingList.app/Frameworks/CoreDataManager.framework'>'>: {
}
2018-05-01 06:29:04 +0000  Writing entitlements for <IDEDistributionItem: 0x7ffc26208ea0 'org.cocoapods.CoreDataManager' '<DVTFilePath:0x7ffc2516a9a0:'/Users/Mohan/Library/Developer/Xcode/Archives/2018-05-01/shoppingList 01-05-18, 11.57 AM.xcarchive/Products/Applications/shoppingList.app/Frameworks/CoreDataManager.framework'>'> to: /var/folders/75/4b80cfbd5cx51m7f6p1nc74w0000gp/T/XcodeDistPipeline.D7t/entitlementsqxpj2P
2018-05-01 06:29:04 +0000  Running /usr/bin/codesign '-vvv' '--force' '--sign' 'DE00227998C752E8C973CEED3A49E98A6F18C48F' '--preserve-metadata=identifier,flags' '--entitlements' '/var/folders/75/4b80cfbd5cx51m7f6p1nc74w0000gp/T/XcodeDistPipeline.D7t/entitlementsqxpj2P' '/var/folders/75/4b80cfbd5cx51m7f6p1nc74w0000gp/T/XcodeDistPipeline.D7t/Root/Payload/shoppingList.app/Frameworks/CoreDataManager.framework'
2018-05-01 06:29:04 +0000  /var/folders/75/4b80cfbd5cx51m7f6p1nc74w0000gp/T/XcodeDistPipeline.D7t/Root/Payload/shoppingList.app/Frameworks/CoreDataManager.framework: signed bundle with Mach-O universal (arm64) [org.cocoapods.CoreDataManager]
2018-05-01 06:29:04 +0000  2018-05-01 06:29:04 +0000  

2018-05-01 06:29:04 +0000  
2018-05-01 06:29:04 +0000  2018-05-01 06:29:04 +0000  

2018-05-01 06:29:04 +0000  
2018-05-01 06:29:04 +0000  /usr/bin/codesign exited with 0
2018-05-01 06:29:04 +0000  
2018-05-01 06:29:04 +0000  
2018-05-01 06:29:04 +0000  Applying entitlements delta for <IDEDistributionItem: 0x7ffc264096b0 'org.cocoapods.GoogleToolboxForMac' '<DVTFilePath:0x7ffc257b12d0:'/Users/Mohan/Library/Developer/Xcode/Archives/2018-05-01/shoppingList 01-05-18, 11.57 AM.xcarchive/Products/Applications/shoppingList.app/Frameworks/GoogleToolboxForMac.framework'>'> from <IDEiCloudEntitlementsProcessor: 0x7ffc2577b200>: {
}
2018-05-01 06:29:04 +0000  Entitlements for <IDEDistributionItem: 0x7ffc264096b0 'org.cocoapods.GoogleToolboxForMac' '<DVTFilePath:0x7ffc257b12d0:'/Users/Mohan/Library/Developer/Xcode/Archives/2018-05-01/shoppingList 01-05-18, 11.57 AM.xcarchive/Products/Applications/shoppingList.app/Frameworks/GoogleToolboxForMac.framework'>'>: {
}
2018-05-01 06:29:04 +0000  Writing entitlements for <IDEDistributionItem: 0x7ffc264096b0 'org.cocoapods.GoogleToolboxForMac' '<DVTFilePath:0x7ffc257b12d0:'/Users/Mohan/Library/Developer/Xcode/Archives/2018-05-01/shoppingList 01-05-18, 11.57 AM.xcarchive/Products/Applications/shoppingList.app/Frameworks/GoogleToolboxForMac.framework'>'> to: /var/folders/75/4b80cfbd5cx51m7f6p1nc74w0000gp/T/XcodeDistPipeline.D7t/entitlementsfnC2gx
2018-05-01 06:29:04 +0000  Running /usr/bin/codesign '-vvv' '--force' '--sign' 'DE00227998C752E8C973CEED3A49E98A6F18C48F' '--preserve-metadata=identifier,flags' '--entitlements' '/var/folders/75/4b80cfbd5cx51m7f6p1nc74w0000gp/T/XcodeDistPipeline.D7t/entitlementsfnC2gx' '/var/folders/75/4b80cfbd5cx51m7f6p1nc74w0000gp/T/XcodeDistPipeline.D7t/Root/Payload/shoppingList.app/Frameworks/GoogleToolboxForMac.framework'
2018-05-01 06:29:04 +0000  /var/folders/75/4b80cfbd5cx51m7f6p1nc74w0000gp/T/XcodeDistPipeline.D7t/Root/Payload/shoppingList.app/Frameworks/GoogleToolboxForMac.framework: signed bundle with Mach-O universal (arm64) [org.cocoapods.GoogleToolboxForMac]
2018-05-01 06:29:04 +0000  2018-05-01 06:29:04 +0000  

2018-05-01 06:29:04 +0000  2018-05-01 06:29:04 +0000  

2018-05-01 06:29:04 +0000  /usr/bin/codesign exited with 0
2018-05-01 06:29:04 +0000  2018-05-01 06:29:04 +0000  

2018-05-01 06:29:04 +0000  Applying entitlements delta for <IDEDistributionItem: 0x7ffc41f2b000 'org.cocoapods.SwiftyJSON' '<DVTFilePath:0x7ffc41f5c570:'/Users/Mohan/Library/Developer/Xcode/Archives/2018-05-01/shoppingList 01-05-18, 11.57 AM.xcarchive/Products/Applications/shoppingList.app/Frameworks/SwiftyJSON.framework'>'> from <IDEiCloudEntitlementsProcessor: 0x7ffc257a3ff0>: {
}
2018-05-01 06:29:04 +0000  Entitlements for <IDEDistributionItem: 0x7ffc41f2b000 'org.cocoapods.SwiftyJSON' '<DVTFilePath:0x7ffc41f5c570:'/Users/Mohan/Library/Developer/Xcode/Archives/2018-05-01/shoppingList 01-05-18, 11.57 AM.xcarchive/Products/Applications/shoppingList.app/Frameworks/SwiftyJSON.framework'>'>: {
}
2018-05-01 06:29:04 +0000  Writing entitlements for <IDEDistributionItem: 0x7ffc41f2b000 'org.cocoapods.SwiftyJSON' '<DVTFilePath:0x7ffc41f5c570:'/Users/Mohan/Library/Developer/Xcode/Archives/2018-05-01/shoppingList 01-05-18, 11.57 AM.xcarchive/Products/Applications/shoppingList.app/Frameworks/SwiftyJSON.framework'>'> to: /var/folders/75/4b80cfbd5cx51m7f6p1nc74w0000gp/T/XcodeDistPipeline.D7t/entitlementsN4B9yG
2018-05-01 06:29:04 +0000  Running /usr/bin/codesign '-vvv' '--force' '--sign' 'DE00227998C752E8C973CEED3A49E98A6F18C48F' '--preserve-metadata=identifier,flags' '--entitlements' '/var/folders/75/4b80cfbd5cx51m7f6p1nc74w0000gp/T/XcodeDistPipeline.D7t/entitlementsN4B9yG' '/var/folders/75/4b80cfbd5cx51m7f6p1nc74w0000gp/T/XcodeDistPipeline.D7t/Root/Payload/shoppingList.app/Frameworks/SwiftyJSON.framework'
2018-05-01 06:29:04 +0000  /var/folders/75/4b80cfbd5cx51m7f6p1nc74w0000gp/T/XcodeDistPipeline.D7t/Root/Payload/shoppingList.app/Frameworks/SwiftyJSON.framework: signed bundle with Mach-O universal (arm64) [org.cocoapods.SwiftyJSON]
2018-05-01 06:29:04 +0000  2018-05-01 06:29:04 +0000  

2018-05-01 06:29:04 +0000  
2018-05-01 06:29:04 +0000  2018-05-01 06:29:04 +0000  

2018-05-01 06:29:04 +0000  /usr/bin/codesign exited with 0
2018-05-01 06:29:04 +0000  2018-05-01 06:29:04 +0000  

2018-05-01 06:29:04 +0000  Applying entitlements delta for <IDEDistributionItem: 0x7ffc2640be80 'com.apple.dt.runtime.swiftCore' '<DVTFilePath:0x7ffc41f61710:'/Users/Mohan/Library/Developer/Xcode/Archives/2018-05-01/shoppingList 01-05-18, 11.57 AM.xcarchive/Products/Applications/shoppingList.app/Frameworks/libswiftCore.dylib'>'> from <IDEiCloudEntitlementsProcessor: 0x7ffc26285a20>: {
}
2018-05-01 06:29:04 +0000  Entitlements for <IDEDistributionItem: 0x7ffc2640be80 'com.apple.dt.runtime.swiftCore' '<DVTFilePath:0x7ffc41f61710:'/Users/Mohan/Library/Developer/Xcode/Archives/2018-05-01/shoppingList 01-05-18, 11.57 AM.xcarchive/Products/Applications/shoppingList.app/Frameworks/libswiftCore.dylib'>'>: {
}
2018-05-01 06:29:04 +0000  Writing entitlements for <IDEDistributionItem: 0x7ffc2640be80 'com.apple.dt.runtime.swiftCore' '<DVTFilePath:0x7ffc41f61710:'/Users/Mohan/Library/Developer/Xcode/Archives/2018-05-01/shoppingList 01-05-18, 11.57 AM.xcarchive/Products/Applications/shoppingList.app/Frameworks/libswiftCore.dylib'>'> to: /var/folders/75/4b80cfbd5cx51m7f6p1nc74w0000gp/T/XcodeDistPipeline.D7t/entitlementsevkeLo
2018-05-01 06:29:04 +0000  Running /usr/bin/codesign '-vvv' '--force' '--sign' 'DE00227998C752E8C973CEED3A49E98A6F18C48F' '--preserve-metadata=identifier,flags' '--entitlements' '/var/folders/75/4b80cfbd5cx51m7f6p1nc74w0000gp/T/XcodeDistPipeline.D7t/entitlementsevkeLo' '/var/folders/75/4b80cfbd5cx51m7f6p1nc74w0000gp/T/XcodeDistPipeline.D7t/Root/Payload/shoppingList.app/Frameworks/libswiftCore.dylib'
2018-05-01 06:29:05 +0000  /var/folders/75/4b80cfbd5cx51m7f6p1nc74w0000gp/T/XcodeDistPipeline.D7t/Root/Payload/shoppingList.app/Frameworks/libswiftCore.dylib: signed Mach-O universal (armv7 armv7s arm64) [com.apple.dt.runtime.swiftCore]
2018-05-01 06:29:05 +0000  2018-05-01 06:29:05 +0000  

2018-05-01 06:29:05 +0000  
2018-05-01 06:29:05 +0000  
2018-05-01 06:29:05 +0000  
2018-05-01 06:29:05 +0000  
2018-05-01 06:29:05 +0000  2018-05-01 06:29:05 +0000  /usr/bin/codesign exited with 0

2018-05-01 06:29:05 +0000  
2018-05-01 06:29:05 +0000  Applying entitlements delta for <IDEDistributionItem: 0x7ffc257e3560 'com.apple.dt.runtime.swiftCoreData' '<DVTFilePath:0x7ffc39e63ce0:'/Users/Mohan/Library/Developer/Xcode/Archives/2018-05-01/shoppingList 01-05-18, 11.57 AM.xcarchive/Products/Applications/shoppingList.app/Frameworks/libswiftCoreData.dylib'>'> from <IDEiCloudEntitlementsProcessor: 0x7ffc26255e40>: {
}
2018-05-01 06:29:05 +0000  Entitlements for <IDEDistributionItem: 0x7ffc257e3560 'com.apple.dt.runtime.swiftCoreData' '<DVTFilePath:0x7ffc39e63ce0:'/Users/Mohan/Library/Developer/Xcode/Archives/2018-05-01/shoppingList 01-05-18, 11.57 AM.xcarchive/Products/Applications/shoppingList.app/Frameworks/libswiftCoreData.dylib'>'>: {
}
2018-05-01 06:29:05 +0000  Writing entitlements for <IDEDistributionItem: 0x7ffc257e3560 'com.apple.dt.runtime.swiftCoreData' '<DVTFilePath:0x7ffc39e63ce0:'/Users/Mohan/Library/Developer/Xcode/Archives/2018-05-01/shoppingList 01-05-18, 11.57 AM.xcarchive/Products/Applications/shoppingList.app/Frameworks/libswiftCoreData.dylib'>'> to: /var/folders/75/4b80cfbd5cx51m7f6p1nc74w0000gp/T/XcodeDistPipeline.D7t/entitlementsi6jFHX
2018-05-01 06:29:05 +0000  Running /usr/bin/codesign '-vvv' '--force' '--sign' 'DE00227998C752E8C973CEED3A49E98A6F18C48F' '--preserve-metadata=identifier,flags' '--entitlements' '/var/folders/75/4b80cfbd5cx51m7f6p1nc74w0000gp/T/XcodeDistPipeline.D7t/entitlementsi6jFHX' '/var/folders/75/4b80cfbd5cx51m7f6p1nc74w0000gp/T/XcodeDistPipeline.D7t/Root/Payload/shoppingList.app/Frameworks/libswiftCoreData.dylib'
2018-05-01 06:29:05 +0000  /var/folders/75/4b80cfbd5cx51m7f6p1nc74w0000gp/T/XcodeDistPipeline.D7t/Root/Payload/shoppingList.app/Frameworks/libswiftCoreData.dylib: signed Mach-O universal (armv7 armv7s arm64) [com.apple.dt.runtime.swiftCoreData]
2018-05-01 06:29:05 +0000  2018-05-01 06:29:05 +0000  

2018-05-01 06:29:05 +0000  
2018-05-01 06:29:05 +0000  2018-05-01 06:29:05 +0000  /usr/bin/codesign exited with 0
2018-05-01 06:29:05 +0000  

2018-05-01 06:29:05 +0000  Applying entitlements delta for <IDEDistributionItem: 0x7ffc264027b0 'com.apple.dt.runtime.swiftCoreFoundation' '<DVTFilePath:0x7ffc257863b0:'/Users/Mohan/Library/Developer/Xcode/Archives/2018-05-01/shoppingList 01-05-18, 11.57 AM.xcarchive/Products/Applications/shoppingList.app/Frameworks/libswiftCoreFoundation.dylib'>'> from <IDEiCloudEntitlementsProcessor: 0x7ffc39ef04f0>: {
}
2018-05-01 06:29:05 +0000  Entitlements for <IDEDistributionItem: 0x7ffc264027b0 'com.apple.dt.runtime.swiftCoreFoundation' '<DVTFilePath:0x7ffc257863b0:'/Users/Mohan/Library/Developer/Xcode/Archives/2018-05-01/shoppingList 01-05-18, 11.57 AM.xcarchive/Products/Applications/shoppingList.app/Frameworks/libswiftCoreFoundation.dylib'>'>: {
}
2018-05-01 06:29:05 +0000  Writing entitlements for <IDEDistributionItem: 0x7ffc264027b0 'com.apple.dt.runtime.swiftCoreFoundation' '<DVTFilePath:0x7ffc257863b0:'/Users/Mohan/Library/Developer/Xcode/Archives/2018-05-01/shoppingList 01-05-18, 11.57 AM.xcarchive/Products/Applications/shoppingList.app/Frameworks/libswiftCoreFoundation.dylib'>'> to: /var/folders/75/4b80cfbd5cx51m7f6p1nc74w0000gp/T/XcodeDistPipeline.D7t/entitlements8EUTi6
2018-05-01 06:29:05 +0000  Running /usr/bin/codesign '-vvv' '--force' '--sign' 'DE00227998C752E8C973CEED3A49E98A6F18C48F' '--preserve-metadata=identifier,flags' '--entitlements' '/var/folders/75/4b80cfbd5cx51m7f6p1nc74w0000gp/T/XcodeDistPipeline.D7t/entitlements8EUTi6' '/var/folders/75/4b80cfbd5cx51m7f6p1nc74w0000gp/T/XcodeDistPipeline.D7t/Root/Payload/shoppingList.app/Frameworks/libswiftCoreFoundation.dylib'
2018-05-01 06:29:05 +0000  /var/folders/75/4b80cfbd5cx51m7f6p1nc74w0000gp/T/XcodeDistPipeline.D7t/Root/Payload/shoppingList.app/Frameworks/libswiftCoreFoundation.dylib: signed Mach-O universal (armv7 armv7s arm64) [com.apple.dt.runtime.swiftCoreFoundation]
2018-05-01 06:29:05 +0000  2018-05-01 06:29:05 +0000  

2018-05-01 06:29:05 +0000  
2018-05-01 06:29:05 +0000  /usr/bin/codesign exited with 0
2018-05-01 06:29:05 +0000  
2018-05-01 06:29:05 +0000  
2018-05-01 06:29:05 +0000  Applying entitlements delta for <IDEDistributionItem: 0x7ffc26286610 'com.apple.dt.runtime.swiftCoreGraphics' '<DVTFilePath:0x7ffc41f61f70:'/Users/Mohan/Library/Developer/Xcode/Archives/2018-05-01/shoppingList 01-05-18, 11.57 AM.xcarchive/Products/Applications/shoppingList.app/Frameworks/libswiftCoreGraphics.dylib'>'> from <IDEiCloudEntitlementsProcessor: 0x7ffc3c034700>: {
}
2018-05-01 06:29:05 +0000  Entitlements for <IDEDistributionItem: 0x7ffc26286610 'com.apple.dt.runtime.swiftCoreGraphics' '<DVTFilePath:0x7ffc41f61f70:'/Users/Mohan/Library/Developer/Xcode/Archives/2018-05-01/shoppingList 01-05-18, 11.57 AM.xcarchive/Products/Applications/shoppingList.app/Frameworks/libswiftCoreGraphics.dylib'>'>: {
}
2018-05-01 06:29:05 +0000  Writing entitlements for <IDEDistributionItem: 0x7ffc26286610 'com.apple.dt.runtime.swiftCoreGraphics' '<DVTFilePath:0x7ffc41f61f70:'/Users/Mohan/Library/Developer/Xcode/Archives/2018-05-01/shoppingList 01-05-18, 11.57 AM.xcarchive/Products/Applications/shoppingList.app/Frameworks/libswiftCoreGraphics.dylib'>'> to: /var/folders/75/4b80cfbd5cx51m7f6p1nc74w0000gp/T/XcodeDistPipeline.D7t/entitlementsPVFbiT
2018-05-01 06:29:05 +0000  Running /usr/bin/codesign '-vvv' '--force' '--sign' 'DE00227998C752E8C973CEED3A49E98A6F18C48F' '--preserve-metadata=identifier,flags' '--entitlements' '/var/folders/75/4b80cfbd5cx51m7f6p1nc74w0000gp/T/XcodeDistPipeline.D7t/entitlementsPVFbiT' '/var/folders/75/4b80cfbd5cx51m7f6p1nc74w0000gp/T/XcodeDistPipeline.D7t/Root/Payload/shoppingList.app/Frameworks/libswiftCoreGraphics.dylib'
2018-05-01 06:29:06 +0000  /var/folders/75/4b80cfbd5cx51m7f6p1nc74w0000gp/T/XcodeDistPipeline.D7t/Root/Payload/shoppingList.app/Frameworks/libswiftCoreGraphics.dylib: signed Mach-O universal (armv7 armv7s arm64) [com.apple.dt.runtime.swiftCoreGraphics]
2018-05-01 06:29:06 +0000  
2018-05-01 06:29:06 +0000  
2018-05-01 06:29:06 +0000  2018-05-01 06:29:06 +0000  /usr/bin/codesign exited with 0

2018-05-01 06:29:06 +0000  
2018-05-01 06:29:06 +0000  Applying entitlements delta for <IDEDistributionItem: 0x7ffc2640e3e0 'com.apple.dt.runtime.swiftCoreImage' '<DVTFilePath:0x7ffc41f636a0:'/Users/Mohan/Library/Developer/Xcode/Archives/2018-05-01/shoppingList 01-05-18, 11.57 AM.xcarchive/Products/Applications/shoppingList.app/Frameworks/libswiftCoreImage.dylib'>'> from <IDEiCloudEntitlementsProcessor: 0x7ffc2577e8e0>: {
}
2018-05-01 06:29:06 +0000  Entitlements for <IDEDistributionItem: 0x7ffc2640e3e0 'com.apple.dt.runtime.swiftCoreImage' '<DVTFilePath:0x7ffc41f636a0:'/Users/Mohan/Library/Developer/Xcode/Archives/2018-05-01/shoppingList 01-05-18, 11.57 AM.xcarchive/Products/Applications/shoppingList.app/Frameworks/libswiftCoreImage.dylib'>'>: {
}
2018-05-01 06:29:06 +0000  Writing entitlements for <IDEDistributionItem: 0x7ffc2640e3e0 'com.apple.dt.runtime.swiftCoreImage' '<DVTFilePath:0x7ffc41f636a0:'/Users/Mohan/Library/Developer/Xcode/Archives/2018-05-01/shoppingList 01-05-18, 11.57 AM.xcarchive/Products/Applications/shoppingList.app/Frameworks/libswiftCoreImage.dylib'>'> to: /var/folders/75/4b80cfbd5cx51m7f6p1nc74w0000gp/T/XcodeDistPipeline.D7t/entitlementsqZymAU
2018-05-01 06:29:06 +0000  Running /usr/bin/codesign '-vvv' '--force' '--sign' 'DE00227998C752E8C973CEED3A49E98A6F18C48F' '--preserve-metadata=identifier,flags' '--entitlements' '/var/folders/75/4b80cfbd5cx51m7f6p1nc74w0000gp/T/XcodeDistPipeline.D7t/entitlementsqZymAU' '/var/folders/75/4b80cfbd5cx51m7f6p1nc74w0000gp/T/XcodeDistPipeline.D7t/Root/Payload/shoppingList.app/Frameworks/libswiftCoreImage.dylib'
2018-05-01 06:29:06 +0000  /var/folders/75/4b80cfbd5cx51m7f6p1nc74w0000gp/T/XcodeDistPipeline.D7t/Root/Payload/shoppingList.app/Frameworks/libswiftCoreImage.dylib: signed Mach-O universal (armv7 armv7s arm64) [com.apple.dt.runtime.swiftCoreImage]
2018-05-01 06:29:06 +0000  2018-05-01 06:29:06 +0000  

2018-05-01 06:29:06 +0000  
2018-05-01 06:29:06 +0000  
2018-05-01 06:29:06 +0000  2018-05-01 06:29:06 +0000  /usr/bin/codesign exited with 0
2018-05-01 06:29:06 +0000  

2018-05-01 06:29:06 +0000  Applying entitlements delta for <IDEDistributionItem: 0x7ffc26254730 'com.apple.dt.runtime.swiftDarwin' '<DVTFilePath:0x7ffc257bbef0:'/Users/Mohan/Library/Developer/Xcode/Archives/2018-05-01/shoppingList 01-05-18, 11.57 AM.xcarchive/Products/Applications/shoppingList.app/Frameworks/libswiftDarwin.dylib'>'> from <IDEiCloudEntitlementsProcessor: 0x7ffc25794620>: {
}
2018-05-01 06:29:06 +0000  Entitlements for <IDEDistributionItem: 0x7ffc26254730 'com.apple.dt.runtime.swiftDarwin' '<DVTFilePath:0x7ffc257bbef0:'/Users/Mohan/Library/Developer/Xcode/Archives/2018-05-01/shoppingList 01-05-18, 11.57 AM.xcarchive/Products/Applications/shoppingList.app/Frameworks/libswiftDarwin.dylib'>'>: {
}
2018-05-01 06:29:06 +0000  Writing entitlements for <IDEDistributionItem: 0x7ffc26254730 'com.apple.dt.runtime.swiftDarwin' '<DVTFilePath:0x7ffc257bbef0:'/Users/Mohan/Library/Developer/Xcode/Archives/2018-05-01/shoppingList 01-05-18, 11.57 AM.xcarchive/Products/Applications/shoppingList.app/Frameworks/libswiftDarwin.dylib'>'> to: /var/folders/75/4b80cfbd5cx51m7f6p1nc74w0000gp/T/XcodeDistPipeline.D7t/entitlements0T1DxG
2018-05-01 06:29:06 +0000  Running /usr/bin/codesign '-vvv' '--force' '--sign' 'DE00227998C752E8C973CEED3A49E98A6F18C48F' '--preserve-metadata=identifier,flags' '--entitlements' '/var/folders/75/4b80cfbd5cx51m7f6p1nc74w0000gp/T/XcodeDistPipeline.D7t/entitlements0T1DxG' '/var/folders/75/4b80cfbd5cx51m7f6p1nc74w0000gp/T/XcodeDistPipeline.D7t/Root/Payload/shoppingList.app/Frameworks/libswiftDarwin.dylib'
2018-05-01 06:29:06 +0000  /var/folders/75/4b80cfbd5cx51m7f6p1nc74w0000gp/T/XcodeDistPipeline.D7t/Root/Payload/shoppingList.app/Frameworks/libswiftDarwin.dylib: signed Mach-O universal (armv7 armv7s arm64) [com.apple.dt.runtime.swiftDarwin]
2018-05-01 06:29:06 +0000  2018-05-01 06:29:06 +0000  

2018-05-01 06:29:06 +0000  
2018-05-01 06:29:06 +0000  2018-05-01 06:29:06 +0000  

2018-05-01 06:29:06 +0000  /usr/bin/codesign exited with 0
2018-05-01 06:29:06 +0000  2018-05-01 06:29:06 +0000  

2018-05-01 06:29:06 +0000  Applying entitlements delta for <IDEDistributionItem: 0x7ffc264110d0 'com.apple.dt.runtime.swiftDispatch' '<DVTFilePath:0x7ffc246eec80:'/Users/Mohan/Library/Developer/Xcode/Archives/2018-05-01/shoppingList 01-05-18, 11.57 AM.xcarchive/Products/Applications/shoppingList.app/Frameworks/libswiftDispatch.dylib'>'> from <IDEiCloudEntitlementsProcessor: 0x7ffc257cf2a0>: {
}
2018-05-01 06:29:06 +0000  Entitlements for <IDEDistributionItem: 0x7ffc264110d0 'com.apple.dt.runtime.swiftDispatch' '<DVTFilePath:0x7ffc246eec80:'/Users/Mohan/Library/Developer/Xcode/Archives/2018-05-01/shoppingList 01-05-18, 11.57 AM.xcarchive/Products/Applications/shoppingList.app/Frameworks/libswiftDispatch.dylib'>'>: {
}
2018-05-01 06:29:06 +0000  Writing entitlements for <IDEDistributionItem: 0x7ffc264110d0 'com.apple.dt.runtime.swiftDispatch' '<DVTFilePath:0x7ffc246eec80:'/Users/Mohan/Library/Developer/Xcode/Archives/2018-05-01/shoppingList 01-05-18, 11.57 AM.xcarchive/Products/Applications/shoppingList.app/Frameworks/libswiftDispatch.dylib'>'> to: /var/folders/75/4b80cfbd5cx51m7f6p1nc74w0000gp/T/XcodeDistPipeline.D7t/entitlementsUg8mSR
2018-05-01 06:29:06 +0000  Running /usr/bin/codesign '-vvv' '--force' '--sign' 'DE00227998C752E8C973CEED3A49E98A6F18C48F' '--preserve-metadata=identifier,flags' '--entitlements' '/var/folders/75/4b80cfbd5cx51m7f6p1nc74w0000gp/T/XcodeDistPipeline.D7t/entitlementsUg8mSR' '/var/folders/75/4b80cfbd5cx51m7f6p1nc74w0000gp/T/XcodeDistPipeline.D7t/Root/Payload/shoppingList.app/Frameworks/libswiftDispatch.dylib'
2018-05-01 06:29:06 +0000  /var/folders/75/4b80cfbd5cx51m7f6p1nc74w0000gp/T/XcodeDistPipeline.D7t/Root/Payload/shoppingList.app/Frameworks/libswiftDispatch.dylib: signed Mach-O universal (armv7 armv7s arm64) [com.apple.dt.runtime.swiftDispatch]
2018-05-01 06:29:06 +0000  2018-05-01 06:29:06 +0000  

2018-05-01 06:29:06 +0000  
2018-05-01 06:29:06 +0000  
2018-05-01 06:29:06 +0000  2018-05-01 06:29:06 +0000  /usr/bin/codesign exited with 02018-05-01 06:29:06 +0000  


2018-05-01 06:29:06 +0000  Applying entitlements delta for <IDEDistributionItem: 0x7ffc26200980 'com.apple.dt.runtime.swiftFoundation' '<DVTFilePath:0x7ffc257d4130:'/Users/Mohan/Library/Developer/Xcode/Archives/2018-05-01/shoppingList 01-05-18, 11.57 AM.xcarchive/Products/Applications/shoppingList.app/Frameworks/libswiftFoundation.dylib'>'> from <IDEiCloudEntitlementsProcessor: 0x7ffc3d684c40>: {
}
2018-05-01 06:29:06 +0000  Entitlements for <IDEDistributionItem: 0x7ffc26200980 'com.apple.dt.runtime.swiftFoundation' '<DVTFilePath:0x7ffc257d4130:'/Users/Mohan/Library/Developer/Xcode/Archives/2018-05-01/shoppingList 01-05-18, 11.57 AM.xcarchive/Products/Applications/shoppingList.app/Frameworks/libswiftFoundation.dylib'>'>: {
}
2018-05-01 06:29:06 +0000  Writing entitlements for <IDEDistributionItem: 0x7ffc26200980 'com.apple.dt.runtime.swiftFoundation' '<DVTFilePath:0x7ffc257d4130:'/Users/Mohan/Library/Developer/Xcode/Archives/2018-05-01/shoppingList 01-05-18, 11.57 AM.xcarchive/Products/Applications/shoppingList.app/Frameworks/libswiftFoundation.dylib'>'> to: /var/folders/75/4b80cfbd5cx51m7f6p1nc74w0000gp/T/XcodeDistPipeline.D7t/entitlements3ipI3R
2018-05-01 06:29:06 +0000  Running /usr/bin/codesign '-vvv' '--force' '--sign' 'DE00227998C752E8C973CEED3A49E98A6F18C48F' '--preserve-metadata=identifier,flags' '--entitlements' '/var/folders/75/4b80cfbd5cx51m7f6p1nc74w0000gp/T/XcodeDistPipeline.D7t/entitlements3ipI3R' '/var/folders/75/4b80cfbd5cx51m7f6p1nc74w0000gp/T/XcodeDistPipeline.D7t/Root/Payload/shoppingList.app/Frameworks/libswiftFoundation.dylib'
2018-05-01 06:29:06 +0000  /var/folders/75/4b80cfbd5cx51m7f6p1nc74w0000gp/T/XcodeDistPipeline.D7t/Root/Payload/shoppingList.app/Frameworks/libswiftFoundation.dylib: signed Mach-O universal (armv7 armv7s arm64) [com.apple.dt.runtime.swiftFoundation]
2018-05-01 06:29:06 +0000  2018-05-01 06:29:06 +0000  

2018-05-01 06:29:06 +0000  2018-05-01 06:29:06 +0000  

2018-05-01 06:29:06 +0000  
2018-05-01 06:29:06 +0000  
2018-05-01 06:29:06 +0000  
2018-05-01 06:29:06 +0000  2018-05-01 06:29:06 +0000  

2018-05-01 06:29:06 +0000  /usr/bin/codesign exited with 0
2018-05-01 06:29:06 +0000  2018-05-01 06:29:06 +0000  

2018-05-01 06:29:07 +0000  Applying entitlements delta for <IDEDistributionItem: 0x7ffc26409500 'com.apple.dt.runtime.swiftMetal' '<DVTFilePath:0x7ffc41f2a160:'/Users/Mohan/Library/Developer/Xcode/Archives/2018-05-01/shoppingList 01-05-18, 11.57 AM.xcarchive/Products/Applications/shoppingList.app/Frameworks/libswiftMetal.dylib'>'> from <IDEiCloudEntitlementsProcessor: 0x7ffc2572a720>: {
}
2018-05-01 06:29:07 +0000  Entitlements for <IDEDistributionItem: 0x7ffc26409500 'com.apple.dt.runtime.swiftMetal' '<DVTFilePath:0x7ffc41f2a160:'/Users/Mohan/Library/Developer/Xcode/Archives/2018-05-01/shoppingList 01-05-18, 11.57 AM.xcarchive/Products/Applications/shoppingList.app/Frameworks/libswiftMetal.dylib'>'>: {
}
2018-05-01 06:29:07 +0000  Writing entitlements for <IDEDistributionItem: 0x7ffc26409500 'com.apple.dt.runtime.swiftMetal' '<DVTFilePath:0x7ffc41f2a160:'/Users/Mohan/Library/Developer/Xcode/Archives/2018-05-01/shoppingList 01-05-18, 11.57 AM.xcarchive/Products/Applications/shoppingList.app/Frameworks/libswiftMetal.dylib'>'> to: /var/folders/75/4b80cfbd5cx51m7f6p1nc74w0000gp/T/XcodeDistPipeline.D7t/entitlementsopFLxa
2018-05-01 06:29:07 +0000  Running /usr/bin/codesign '-vvv' '--force' '--sign' 'DE00227998C752E8C973CEED3A49E98A6F18C48F' '--preserve-metadata=identifier,flags' '--entitlements' '/var/folders/75/4b80cfbd5cx51m7f6p1nc74w0000gp/T/XcodeDistPipeline.D7t/entitlementsopFLxa' '/var/folders/75/4b80cfbd5cx51m7f6p1nc74w0000gp/T/XcodeDistPipeline.D7t/Root/Payload/shoppingList.app/Frameworks/libswiftMetal.dylib'
2018-05-01 06:29:07 +0000  /var/folders/75/4b80cfbd5cx51m7f6p1nc74w0000gp/T/XcodeDistPipeline.D7t/Root/Payload/shoppingList.app/Frameworks/libswiftMetal.dylib: signed Mach-O universal (armv7 armv7s arm64) [com.apple.dt.runtime.swiftMetal]
2018-05-01 06:29:07 +0000  2018-05-01 06:29:07 +0000  

2018-05-01 06:29:07 +0000  
2018-05-01 06:29:07 +0000  
2018-05-01 06:29:07 +0000  2018-05-01 06:29:07 +0000  /usr/bin/codesign exited with 0

2018-05-01 06:29:07 +0000  
2018-05-01 06:29:07 +0000  Applying entitlements delta for <IDEDistributionItem: 0x7ffc2640a9d0 'com.apple.dt.runtime.swiftObjectiveC' '<DVTFilePath:0x7ffc25762050:'/Users/Mohan/Library/Developer/Xcode/Archives/2018-05-01/shoppingList 01-05-18, 11.57 AM.xcarchive/Products/Applications/shoppingList.app/Frameworks/libswiftObjectiveC.dylib'>'> from <IDEiCloudEntitlementsProcessor: 0x7ffc257065b0>: {
}
2018-05-01 06:29:07 +0000  Entitlements for <IDEDistributionItem: 0x7ffc2640a9d0 'com.apple.dt.runtime.swiftObjectiveC' '<DVTFilePath:0x7ffc25762050:'/Users/Mohan/Library/Developer/Xcode/Archives/2018-05-01/shoppingList 01-05-18, 11.57 AM.xcarchive/Products/Applications/shoppingList.app/Frameworks/libswiftObjectiveC.dylib'>'>: {
}
2018-05-01 06:29:07 +0000  Writing entitlements for <IDEDistributionItem: 0x7ffc2640a9d0 'com.apple.dt.runtime.swiftObjectiveC' '<DVTFilePath:0x7ffc25762050:'/Users/Mohan/Library/Developer/Xcode/Archives/2018-05-01/shoppingList 01-05-18, 11.57 AM.xcarchive/Products/Applications/shoppingList.app/Frameworks/libswiftObjectiveC.dylib'>'> to: /var/folders/75/4b80cfbd5cx51m7f6p1nc74w0000gp/T/XcodeDistPipeline.D7t/entitlementsqC5Gqt
2018-05-01 06:29:07 +0000  Running /usr/bin/codesign '-vvv' '--force' '--sign' 'DE00227998C752E8C973CEED3A49E98A6F18C48F' '--preserve-metadata=identifier,flags' '--entitlements' '/var/folders/75/4b80cfbd5cx51m7f6p1nc74w0000gp/T/XcodeDistPipeline.D7t/entitlementsqC5Gqt' '/var/folders/75/4b80cfbd5cx51m7f6p1nc74w0000gp/T/XcodeDistPipeline.D7t/Root/Payload/shoppingList.app/Frameworks/libswiftObjectiveC.dylib'
2018-05-01 06:29:07 +0000  /var/folders/75/4b80cfbd5cx51m7f6p1nc74w0000gp/T/XcodeDistPipeline.D7t/Root/Payload/shoppingList.app/Frameworks/libswiftObjectiveC.dylib: signed Mach-O universal (armv7 armv7s arm64) [com.apple.dt.runtime.swiftObjectiveC]
2018-05-01 06:29:07 +0000  2018-05-01 06:29:07 +0000  

2018-05-01 06:29:07 +0000  
2018-05-01 06:29:07 +0000  
2018-05-01 06:29:07 +0000  
2018-05-01 06:29:07 +0000  /usr/bin/codesign exited with 0
2018-05-01 06:29:07 +0000  2018-05-01 06:29:07 +0000  

2018-05-01 06:29:07 +0000  Applying entitlements delta for <IDEDistributionItem: 0x7ffc26255dd0 'com.apple.dt.runtime.swiftQuartzCore' '<DVTFilePath:0x7ffc256bed90:'/Users/Mohan/Library/Developer/Xcode/Archives/2018-05-01/shoppingList 01-05-18, 11.57 AM.xcarchive/Products/Applications/shoppingList.app/Frameworks/libswiftQuartzCore.dylib'>'> from <IDEiCloudEntitlementsProcessor: 0x7ffc247af3e0>: {
}
2018-05-01 06:29:07 +0000  Entitlements for <IDEDistributionItem: 0x7ffc26255dd0 'com.apple.dt.runtime.swiftQuartzCore' '<DVTFilePath:0x7ffc256bed90:'/Users/Mohan/Library/Developer/Xcode/Archives/2018-05-01/shoppingList 01-05-18, 11.57 AM.xcarchive/Products/Applications/shoppingList.app/Frameworks/libswiftQuartzCore.dylib'>'>: {
}
2018-05-01 06:29:07 +0000  Writing entitlements for <IDEDistributionItem: 0x7ffc26255dd0 'com.apple.dt.runtime.swiftQuartzCore' '<DVTFilePath:0x7ffc256bed90:'/Users/Mohan/Library/Developer/Xcode/Archives/2018-05-01/shoppingList 01-05-18, 11.57 AM.xcarchive/Products/Applications/shoppingList.app/Frameworks/libswiftQuartzCore.dylib'>'> to: /var/folders/75/4b80cfbd5cx51m7f6p1nc74w0000gp/T/XcodeDistPipeline.D7t/entitlementsrhzt0g
2018-05-01 06:29:07 +0000  Running /usr/bin/codesign '-vvv' '--force' '--sign' 'DE00227998C752E8C973CEED3A49E98A6F18C48F' '--preserve-metadata=identifier,flags' '--entitlements' '/var/folders/75/4b80cfbd5cx51m7f6p1nc74w0000gp/T/XcodeDistPipeline.D7t/entitlementsrhzt0g' '/var/folders/75/4b80cfbd5cx51m7f6p1nc74w0000gp/T/XcodeDistPipeline.D7t/Root/Payload/shoppingList.app/Frameworks/libswiftQuartzCore.dylib'
2018-05-01 06:29:07 +0000  /var/folders/75/4b80cfbd5cx51m7f6p1nc74w0000gp/T/XcodeDistPipeline.D7t/Root/Payload/shoppingList.app/Frameworks/libswiftQuartzCore.dylib: signed Mach-O universal (armv7 armv7s arm64) [com.apple.dt.runtime.swiftQuartzCore]
2018-05-01 06:29:07 +0000  2018-05-01 06:29:07 +0000  

2018-05-01 06:29:07 +0000  
2018-05-01 06:29:07 +0000  
2018-05-01 06:29:07 +0000  
2018-05-01 06:29:07 +0000  /usr/bin/codesign exited with 0
2018-05-01 06:29:07 +0000  
2018-05-01 06:29:07 +0000  Applying entitlements delta for <IDEDistributionItem: 0x7ffc26209160 'com.apple.dt.runtime.swiftUIKit' '<DVTFilePath:0x7ffc41f2b2a0:'/Users/Mohan/Library/Developer/Xcode/Archives/2018-05-01/shoppingList 01-05-18, 11.57 AM.xcarchive/Products/Applications/shoppingList.app/Frameworks/libswiftUIKit.dylib'>'> from <IDEiCloudEntitlementsProcessor: 0x7ffc26205cf0>: {
}
2018-05-01 06:29:07 +0000  Entitlements for <IDEDistributionItem: 0x7ffc26209160 'com.apple.dt.runtime.swiftUIKit' '<DVTFilePath:0x7ffc41f2b2a0:'/Users/Mohan/Library/Developer/Xcode/Archives/2018-05-01/shoppingList 01-05-18, 11.57 AM.xcarchive/Products/Applications/shoppingList.app/Frameworks/libswiftUIKit.dylib'>'>: {
}
2018-05-01 06:29:07 +0000  Writing entitlements for <IDEDistributionItem: 0x7ffc26209160 'com.apple.dt.runtime.swiftUIKit' '<DVTFilePath:0x7ffc41f2b2a0:'/Users/Mohan/Library/Developer/Xcode/Archives/2018-05-01/shoppingList 01-05-18, 11.57 AM.xcarchive/Products/Applications/shoppingList.app/Frameworks/libswiftUIKit.dylib'>'> to: /var/folders/75/4b80cfbd5cx51m7f6p1nc74w0000gp/T/XcodeDistPipeline.D7t/entitlements3M5SNW
2018-05-01 06:29:07 +0000  Running /usr/bin/codesign '-vvv' '--force' '--sign' 'DE00227998C752E8C973CEED3A49E98A6F18C48F' '--preserve-metadata=identifier,flags' '--entitlements' '/var/folders/75/4b80cfbd5cx51m7f6p1nc74w0000gp/T/XcodeDistPipeline.D7t/entitlements3M5SNW' '/var/folders/75/4b80cfbd5cx51m7f6p1nc74w0000gp/T/XcodeDistPipeline.D7t/Root/Payload/shoppingList.app/Frameworks/libswiftUIKit.dylib'
2018-05-01 06:29:07 +0000  /var/folders/75/4b80cfbd5cx51m7f6p1nc74w0000gp/T/XcodeDistPipeline.D7t/Root/Payload/shoppingList.app/Frameworks/libswiftUIKit.dylib: signed Mach-O universal (armv7 armv7s arm64) [com.apple.dt.runtime.swiftUIKit]
2018-05-01 06:29:07 +0000  
2018-05-01 06:29:07 +0000  2018-05-01 06:29:07 +0000  

2018-05-01 06:29:07 +0000  
2018-05-01 06:29:07 +0000  /usr/bin/codesign exited with 0
2018-05-01 06:29:07 +0000  
2018-05-01 06:29:07 +0000  Applying entitlements delta for <IDEDistributionItem: 0x7ffc26400f80 'com.apple.dt.runtime.swiftos' '<DVTFilePath:0x7ffc41ec1730:'/Users/Mohan/Library/Developer/Xcode/Archives/2018-05-01/shoppingList 01-05-18, 11.57 AM.xcarchive/Products/Applications/shoppingList.app/Frameworks/libswiftos.dylib'>'> from <IDEiCloudEntitlementsProcessor: 0x7ffc3c032fc0>: {
}
2018-05-01 06:29:07 +0000  Entitlements for <IDEDistributionItem: 0x7ffc26400f80 'com.apple.dt.runtime.swiftos' '<DVTFilePath:0x7ffc41ec1730:'/Users/Mohan/Library/Developer/Xcode/Archives/2018-05-01/shoppingList 01-05-18, 11.57 AM.xcarchive/Products/Applications/shoppingList.app/Frameworks/libswiftos.dylib'>'>: {
}
2018-05-01 06:29:07 +0000  Writing entitlements for <IDEDistributionItem: 0x7ffc26400f80 'com.apple.dt.runtime.swiftos' '<DVTFilePath:0x7ffc41ec1730:'/Users/Mohan/Library/Developer/Xcode/Archives/2018-05-01/shoppingList 01-05-18, 11.57 AM.xcarchive/Products/Applications/shoppingList.app/Frameworks/libswiftos.dylib'>'> to: /var/folders/75/4b80cfbd5cx51m7f6p1nc74w0000gp/T/XcodeDistPipeline.D7t/entitlementsW3SBBc
2018-05-01 06:29:07 +0000  Running /usr/bin/codesign '-vvv' '--force' '--sign' 'DE00227998C752E8C973CEED3A49E98A6F18C48F' '--preserve-metadata=identifier,flags' '--entitlements' '/var/folders/75/4b80cfbd5cx51m7f6p1nc74w0000gp/T/XcodeDistPipeline.D7t/entitlementsW3SBBc' '/var/folders/75/4b80cfbd5cx51m7f6p1nc74w0000gp/T/XcodeDistPipeline.D7t/Root/Payload/shoppingList.app/Frameworks/libswiftos.dylib'
2018-05-01 06:29:07 +0000  /var/folders/75/4b80cfbd5cx51m7f6p1nc74w0000gp/T/XcodeDistPipeline.D7t/Root/Payload/shoppingList.app/Frameworks/libswiftos.dylib: signed Mach-O universal (armv7 armv7s arm64) [com.apple.dt.runtime.swiftos]
2018-05-01 06:29:07 +0000  2018-05-01 06:29:07 +0000  

2018-05-01 06:29:07 +0000  
2018-05-01 06:29:07 +0000  2018-05-01 06:29:07 +0000  /usr/bin/codesign exited with 0
2018-05-01 06:29:07 +0000  

2018-05-01 06:29:07 +0000  Applying entitlements delta for <IDEDistributionItem: 0x7ffc257a8300 'org.cocoapods.nanopb' '<DVTFilePath:0x7ffc257c79b0:'/Users/Mohan/Library/Developer/Xcode/Archives/2018-05-01/shoppingList 01-05-18, 11.57 AM.xcarchive/Products/Applications/shoppingList.app/Frameworks/nanopb.framework'>'> from <IDEiCloudEntitlementsProcessor: 0x7ffc3728a540>: {
}
2018-05-01 06:29:07 +0000  Entitlements for <IDEDistributionItem: 0x7ffc257a8300 'org.cocoapods.nanopb' '<DVTFilePath:0x7ffc257c79b0:'/Users/Mohan/Library/Developer/Xcode/Archives/2018-05-01/shoppingList 01-05-18, 11.57 AM.xcarchive/Products/Applications/shoppingList.app/Frameworks/nanopb.framework'>'>: {
}
2018-05-01 06:29:07 +0000  Writing entitlements for <IDEDistributionItem: 0x7ffc257a8300 'org.cocoapods.nanopb' '<DVTFilePath:0x7ffc257c79b0:'/Users/Mohan/Library/Developer/Xcode/Archives/2018-05-01/shoppingList 01-05-18, 11.57 AM.xcarchive/Products/Applications/shoppingList.app/Frameworks/nanopb.framework'>'> to: /var/folders/75/4b80cfbd5cx51m7f6p1nc74w0000gp/T/XcodeDistPipeline.D7t/entitlementswvzGJN
2018-05-01 06:29:07 +0000  Running /usr/bin/codesign '-vvv' '--force' '--sign' 'DE00227998C752E8C973CEED3A49E98A6F18C48F' '--preserve-metadata=identifier,flags' '--entitlements' '/var/folders/75/4b80cfbd5cx51m7f6p1nc74w0000gp/T/XcodeDistPipeline.D7t/entitlementswvzGJN' '/var/folders/75/4b80cfbd5cx51m7f6p1nc74w0000gp/T/XcodeDistPipeline.D7t/Root/Payload/shoppingList.app/Frameworks/nanopb.framework'
2018-05-01 06:29:08 +0000  /var/folders/75/4b80cfbd5cx51m7f6p1nc74w0000gp/T/XcodeDistPipeline.D7t/Root/Payload/shoppingList.app/Frameworks/nanopb.framework: signed bundle with Mach-O universal (arm64) [org.cocoapods.nanopb]
2018-05-01 06:29:08 +0000  2018-05-01 06:29:08 +0000  

2018-05-01 06:29:08 +0000  2018-05-01 06:29:08 +0000  

2018-05-01 06:29:08 +0000  
2018-05-01 06:29:08 +0000  
2018-05-01 06:29:08 +0000  
2018-05-01 06:29:08 +0000  2018-05-01 06:29:08 +0000  

2018-05-01 06:29:08 +0000  /usr/bin/codesign exited with 0
2018-05-01 06:29:08 +0000  
2018-05-01 06:29:08 +0000  Applying entitlements delta for <IDEDistributionItem: 0x7ffc264125c0 'com.Mohan.shoppingList' '<DVTFilePath:0x7ffc39e79520:'/Users/Mohan/Library/Developer/Xcode/Archives/2018-05-01/shoppingList 01-05-18, 11.57 AM.xcarchive/Products/Applications/shoppingList.app'>'> from <IDEiCloudEntitlementsProcessor: 0x7ffc257f6860>: {
}
2018-05-01 06:29:08 +0000  Entitlements for <IDEDistributionItem: 0x7ffc264125c0 'com.Mohan.shoppingList' '<DVTFilePath:0x7ffc39e79520:'/Users/Mohan/Library/Developer/Xcode/Archives/2018-05-01/shoppingList 01-05-18, 11.57 AM.xcarchive/Products/Applications/shoppingList.app'>'>: {
    "application-identifier" = "9U7Y45UZ8Q.com.Mohan.shoppingList";
    "com.apple.developer.team-identifier" = 9U7Y45UZ8Q;
    "get-task-allow" = 1;
    "keychain-access-groups" =     (
        "9U7Y45UZ8Q.com.Mohan.shoppingList"
    );
}
2018-05-01 06:29:08 +0000  Writing entitlements for <IDEDistributionItem: 0x7ffc264125c0 'com.Mohan.shoppingList' '<DVTFilePath:0x7ffc39e79520:'/Users/Mohan/Library/Developer/Xcode/Archives/2018-05-01/shoppingList 01-05-18, 11.57 AM.xcarchive/Products/Applications/shoppingList.app'>'> to: /var/folders/75/4b80cfbd5cx51m7f6p1nc74w0000gp/T/XcodeDistPipeline.D7t/entitlements4v5O6C
2018-05-01 06:29:08 +0000  Running /usr/bin/codesign '-vvv' '--force' '--sign' 'DE00227998C752E8C973CEED3A49E98A6F18C48F' '--preserve-metadata=identifier,flags' '--entitlements' '/var/folders/75/4b80cfbd5cx51m7f6p1nc74w0000gp/T/XcodeDistPipeline.D7t/entitlements4v5O6C' '/var/folders/75/4b80cfbd5cx51m7f6p1nc74w0000gp/T/XcodeDistPipeline.D7t/Root/Payload/shoppingList.app'
2018-05-01 06:29:08 +0000  /var/folders/75/4b80cfbd5cx51m7f6p1nc74w0000gp/T/XcodeDistPipeline.D7t/Root/Payload/shoppingList.app: signed app bundle with Mach-O thin (arm64) [com.Mohan.shoppingList]
2018-05-01 06:29:08 +0000  2018-05-01 06:29:08 +0000  

2018-05-01 06:29:08 +0000  
2018-05-01 06:29:08 +0000  2018-05-01 06:29:08 +0000  /usr/bin/codesign exited with 0
2018-05-01 06:29:08 +0000  

2018-05-01 06:29:08 +0000  Processing step: IDEDistributionStreamingZipItemStep
2018-05-01 06:29:08 +0000  Skipping step: IDEDistributionStreamingZipItemStep because it said so
2018-05-01 06:29:08 +0000  Skipping step: IDEDistributionStreamingZipItemStep because it said so
2018-05-01 06:29:08 +0000  Skipping step: IDEDistributionStreamingZipItemStep because it said so
2018-05-01 06:29:08 +0000  Skipping step: IDEDistributionStreamingZipItemStep because it said so
2018-05-01 06:29:08 +0000  Skipping step: IDEDistributionStreamingZipItemStep because it said so
2018-05-01 06:29:08 +0000  Skipping step: IDEDistributionStreamingZipItemStep because it said so
2018-05-01 06:29:08 +0000  Skipping step: IDEDistributionStreamingZipItemStep because it said so
2018-05-01 06:29:08 +0000  Skipping step: IDEDistributionStreamingZipItemStep because it said so
2018-05-01 06:29:08 +0000  Skipping step: IDEDistributionStreamingZipItemStep because it said so
2018-05-01 06:29:08 +0000  Skipping step: IDEDistributionStreamingZipItemStep because it said so
2018-05-01 06:29:08 +0000  Skipping step: IDEDistributionStreamingZipItemStep because it said so
2018-05-01 06:29:08 +0000  Skipping step: IDEDistributionStreamingZipItemStep because it said so
2018-05-01 06:29:08 +0000  Skipping step: IDEDistributionStreamingZipItemStep because it said so
2018-05-01 06:29:08 +0000  Skipping step: IDEDistributionStreamingZipItemStep because it said so
2018-05-01 06:29:08 +0000  Skipping step: IDEDistributionStreamingZipItemStep because it said so
2018-05-01 06:29:08 +0000  Skipping step: IDEDistributionStreamingZipItemStep because it said so
2018-05-01 06:29:08 +0000  Skipping step: IDEDistributionStreamingZipItemStep because it said so
2018-05-01 06:29:08 +0000  Skipping step: IDEDistributionStreamingZipItemStep because it said so
2018-05-01 06:29:08 +0000  Processing step: IDEDistributionCreateIPAStep
2018-05-01 06:29:08 +0000  Running /usr/bin/ditto '-V' '-c' '-k' '--norsrc' '/var/folders/75/4b80cfbd5cx51m7f6p1nc74w0000gp/T/XcodeDistPipeline.D7t/Root' '/var/folders/75/4b80cfbd5cx51m7f6p1nc74w0000gp/T/XcodeDistPipeline.D7t/Packages/shoppingList.ipa'
2018-05-01 06:29:08 +0000  >>> Copying /var/folders/75/4b80cfbd5cx51m7f6p1nc74w0000gp/T/XcodeDistPipeline.D7t/Root 
2018-05-01 06:29:08 +0000  copying file ./Payload/shoppingList.app/_CodeSignature/CodeResources ... 
2018-05-01 06:29:08 +0000  15545 bytes for ./Payload/shoppingList.app/_CodeSignature/CodeResources
2018-05-01 06:29:08 +0000  copying file ./Payload/shoppingList.app/listItemTableViewCell.nib ... 
2018-05-01 06:29:08 +0000  3416 bytes for ./Payload/shoppingList.app/listItemTableViewCell.nib
copying file ./Payload/shoppingList.app/AppIcon60x60@2x.png ... 
2018-05-01 06:29:08 +0000  1372 bytes for ./Payload/shoppingList.app/AppIcon60x60@2x.png
2018-05-01 06:29:08 +0000  copying file ./Payload/shoppingList.app/shoppingList.momd/VersionInfo.plist ... 
213 bytes for ./Payload/shoppingList.app/shoppingList.momd/VersionInfo.plist
copying file ./Payload/shoppingList.app/shoppingList.momd/shoppingList.omo ... 
2018-05-01 06:29:08 +0000  2480 bytes for ./Payload/shoppingList.app/shoppingList.momd/shoppingList.omo
2018-05-01 06:29:08 +0000  copying file ./Payload/shoppingList.app/shoppingList.momd/shoppingList.mom ... 
2018-05-01 06:29:08 +0000  1471 bytes for ./Payload/shoppingList.app/shoppingList.momd/shoppingList.mom
copying file ./Payload/shoppingList.app/Base.lproj/Main.storyboardc/UINavigationController-uau-Ec-k5n.nib ... 
2018-05-01 06:29:08 +0000  2187 bytes for ./Payload/shoppingList.app/Base.lproj/Main.storyboardc/UINavigationController-uau-Ec-k5n.nib
copying file ./Payload/shoppingList.app/Base.lproj/Main.storyboardc/BYZ-38-t0r-view-8bC-Xf-vdC.nib ... 
2018-05-01 06:29:08 +0000  3978 bytes for ./Payload/shoppingList.app/Base.lproj/Main.storyboardc/BYZ-38-t0r-view-8bC-Xf-vdC.nib
copying file ./Payload/shoppingList.app/Base.lproj/Main.storyboardc/Info.plist ... 
276 bytes for ./Payload/shoppingList.app/Base.lproj/Main.storyboardc/Info.plist
copying file ./Payload/shoppingList.app/Base.lproj/LaunchScreen.storyboardc/01J-lp-oVM-view-Ze5-6b-2t3.nib ... 
2018-05-01 06:29:08 +0000  1136 bytes for ./Payload/shoppingList.app/Base.lproj/LaunchScreen.storyboardc/01J-lp-oVM-view-Ze5-6b-2t3.nib
copying file ./Payload/shoppingList.app/Base.lproj/LaunchScreen.storyboardc/UIViewController-01J-lp-oVM.nib ... 
2018-05-01 06:29:08 +0000  832 bytes for ./Payload/shoppingList.app/Base.lproj/LaunchScreen.storyboardc/UIViewController-01J-lp-oVM.nib
copying file ./Payload/shoppingList.app/Base.lproj/LaunchScreen.storyboardc/Info.plist ... 
2018-05-01 06:29:08 +0000  258 bytes for ./Payload/shoppingList.app/Base.lproj/LaunchScreen.storyboardc/Info.plist
copying file ./Payload/shoppingList.app/archived-expanded-entitlements.xcent ... 
2018-05-01 06:29:08 +0000  382 bytes for ./Payload/shoppingList.app/archived-expanded-entitlements.xcent
copying file ./Payload/shoppingList.app/Assets.car ... 
2018-05-01 06:29:08 +0000  420392 bytes for ./Payload/shoppingList.app/Assets.car
copying file ./Payload/shoppingList.app/shoppingList ... 
2018-05-01 06:29:08 +0000  1167392 bytes for ./Payload/shoppingList.app/shoppingList
2018-05-01 06:29:08 +0000  copying file ./Payload/shoppingList.app/Frameworks/CoreDataManager.framework/_CodeSignature/CodeResources ... 
2202 bytes for ./Payload/shoppingList.app/Frameworks/CoreDataManager.framework/_CodeSignature/CodeResources
copying file ./Payload/shoppingList.app/Frameworks/CoreDataManager.framework/CoreDataManager ... 
2018-05-01 06:29:08 +0000  335632 bytes for ./Payload/shoppingList.app/Frameworks/CoreDataManager.framework/CoreDataManager
copying file ./Payload/shoppingList.app/Frameworks/CoreDataManager.framework/Info.plist ... 
2018-05-01 06:29:08 +0000  751 bytes for ./Payload/shoppingList.app/Frameworks/CoreDataManager.framework/Info.plist
copying file ./Payload/shoppingList.app/Frameworks/SwiftyJSON.framework/_CodeSignature/CodeResources ... 
2202 bytes for ./Payload/shoppingList.app/Frameworks/SwiftyJSON.framework/_CodeSignature/CodeResources
copying file ./Payload/shoppingList.app/Frameworks/SwiftyJSON.framework/SwiftyJSON ... 
2018-05-01 06:29:08 +0000  432192 bytes for ./Payload/shoppingList.app/Frameworks/SwiftyJSON.framework/SwiftyJSON
copying file ./Payload/shoppingList.app/Frameworks/SwiftyJSON.framework/Info.plist ... 
2018-05-01 06:29:08 +0000  739 bytes for ./Payload/shoppingList.app/Frameworks/SwiftyJSON.framework/Info.plist
copying file ./Payload/shoppingList.app/Frameworks/libswiftCoreImage.dylib ... 
2018-05-01 06:29:08 +0000  209264 bytes for ./Payload/shoppingList.app/Frameworks/libswiftCoreImage.dylib
2018-05-01 06:29:08 +0000  copying file ./Payload/shoppingList.app/Frameworks/libswiftObjectiveC.dylib ... 
2018-05-01 06:29:08 +0000  259344 bytes for ./Payload/shoppingList.app/Frameworks/libswiftObjectiveC.dylib
copying file ./Payload/shoppingList.app/Frameworks/libswiftCore.dylib ... 
2018-05-01 06:29:10 +0000  21080000 bytes for ./Payload/shoppingList.app/Frameworks/libswiftCore.dylib
copying file ./Payload/shoppingList.app/Frameworks/libswiftCoreGraphics.dylib ... 
2018-05-01 06:29:10 +0000  578160 bytes for ./Payload/shoppingList.app/Frameworks/libswiftCoreGraphics.dylib
2018-05-01 06:29:10 +0000  copying file ./Payload/shoppingList.app/Frameworks/libswiftUIKit.dylib ... 
2018-05-01 06:29:10 +0000  361888 bytes for ./Payload/shoppingList.app/Frameworks/libswiftUIKit.dylib
2018-05-01 06:29:10 +0000  copying file ./Payload/shoppingList.app/Frameworks/libswiftMetal.dylib ... 
2018-05-01 06:29:10 +0000  251648 bytes for ./Payload/shoppingList.app/Frameworks/libswiftMetal.dylib
copying file ./Payload/shoppingList.app/Frameworks/libswiftCoreData.dylib ... 
2018-05-01 06:29:10 +0000  394752 bytes for ./Payload/shoppingList.app/Frameworks/libswiftCoreData.dylib
copying file ./Payload/shoppingList.app/Frameworks/libswiftDispatch.dylib ... 
2018-05-01 06:29:10 +0000  1009648 bytes for ./Payload/shoppingList.app/Frameworks/libswiftDispatch.dylib
copying file ./Payload/shoppingList.app/Frameworks/libswiftos.dylib ... 
2018-05-01 06:29:10 +0000  249312 bytes for ./Payload/shoppingList.app/Frameworks/libswiftos.dylib
copying file ./Payload/shoppingList.app/Frameworks/libswiftCoreFoundation.dylib ... 
2018-05-01 06:29:10 +0000  208704 bytes for ./Payload/shoppingList.app/Frameworks/libswiftCoreFoundation.dylib
copying file ./Payload/shoppingList.app/Frameworks/libswiftDarwin.dylib ... 
2018-05-01 06:29:10 +0000  303472 bytes for ./Payload/shoppingList.app/Frameworks/libswiftDarwin.dylib
2018-05-01 06:29:10 +0000  copying file ./Payload/shoppingList.app/Frameworks/GoogleToolboxForMac.framework/_CodeSignature/CodeResources ... 
2202 bytes for ./Payload/shoppingList.app/Frameworks/GoogleToolboxForMac.framework/_CodeSignature/CodeResources
copying file ./Payload/shoppingList.app/Frameworks/GoogleToolboxForMac.framework/GoogleToolboxForMac ... 
2018-05-01 06:29:10 +0000  102656 bytes for ./Payload/shoppingList.app/Frameworks/GoogleToolboxForMac.framework/GoogleToolboxForMac
copying file ./Payload/shoppingList.app/Frameworks/GoogleToolboxForMac.framework/Info.plist ... 
2018-05-01 06:29:10 +0000  759 bytes for ./Payload/shoppingList.app/Frameworks/GoogleToolboxForMac.framework/Info.plist
copying file ./Payload/shoppingList.app/Frameworks/nanopb.framework/_CodeSignature/CodeResources ... 
2202 bytes for ./Payload/shoppingList.app/Frameworks/nanopb.framework/_CodeSignature/CodeResources
copying file ./Payload/shoppingList.app/Frameworks/nanopb.framework/nanopb ... 
2018-05-01 06:29:10 +0000  117760 bytes for ./Payload/shoppingList.app/Frameworks/nanopb.framework/nanopb
2018-05-01 06:29:10 +0000  copying file ./Payload/shoppingList.app/Frameworks/nanopb.framework/Info.plist ... 
731 bytes for ./Payload/shoppingList.app/Frameworks/nanopb.framework/Info.plist
copying file ./Payload/shoppingList.app/Frameworks/libswiftQuartzCore.dylib ... 
2018-05-01 06:29:10 +0000  212608 bytes for ./Payload/shoppingList.app/Frameworks/libswiftQuartzCore.dylib
copying file ./Payload/shoppingList.app/Frameworks/libswiftFoundation.dylib ... 
2018-05-01 06:29:10 +0000  8425712 bytes for ./Payload/shoppingList.app/Frameworks/libswiftFoundation.dylib
2018-05-01 06:29:10 +0000  copying file ./Payload/shoppingList.app/embedded.mobileprovision ... 
25712 bytes for ./Payload/shoppingList.app/embedded.mobileprovision
copying file ./Payload/shoppingList.app/Info.plist ... 
2018-05-01 06:29:10 +0000  1271 bytes for ./Payload/shoppingList.app/Info.plist
copying file ./Payload/shoppingList.app/PkgInfo ... 
8 bytes for ./Payload/shoppingList.app/PkgInfo
2018-05-01 06:29:10 +0000  2018-05-01 06:29:10 +0000  /usr/bin/ditto exited with 0

2018-05-01 06:29:10 +0000  
2018-05-01 06:29:10 +0000  Processing step: IDEDistributionCreateManifestStep
